<?xml version="1.0" encoding="UTF-8" ?>
<testsuite tests="1" failures="0" name="com.kylexu.AppTest" time="0.001" errors="0" skipped="0">
  <properties>
    <property name="idea.version" value="2022.3.1"/>
    <property name="java.runtime.name" value="OpenJDK Runtime Environment"/>
    <property name="sun.boot.library.path" value="/Users/xuguoming/.sdkman/candidates/java/8.332.08.1-amzn/jre/lib"/>
    <property name="java.vm.version" value="25.332-b08"/>
    <property name="gopherProxySet" value="false"/>
    <property name="java.vm.vendor" value="Amazon.com Inc."/>
    <property name="maven.multiModuleProjectDirectory" value="/Users/xuguoming/xueqiu/self-repo/snippet-maven/maven-package"/>
    <property name="java.vendor.url" value="https://aws.amazon.com/corretto/"/>
    <property name="path.separator" value=":"/>
    <property name="guice.disable.misplaced.annotation.check" value="true"/>
    <property name="java.vm.name" value="OpenJDK 64-Bit Server VM"/>
    <property name="file.encoding.pkg" value="sun.io"/>
    <property name="user.country" value="CN"/>
    <property name="sun.java.launcher" value="SUN_STANDARD"/>
    <property name="sun.os.patch.level" value="unknown"/>
    <property name="java.vm.specification.name" value="Java Virtual Machine Specification"/>
    <property name="user.dir" value="/Users/xuguoming/xueqiu/self-repo/snippet-maven/maven-package"/>
    <property name="java.runtime.version" value="1.8.0_332-b08"/>
    <property name="java.awt.graphicsenv" value="sun.awt.CGraphicsEnvironment"/>
    <property name="java.endorsed.dirs" value="/Users/xuguoming/.sdkman/candidates/java/8.332.08.1-amzn/jre/lib/endorsed"/>
    <property name="os.arch" value="x86_64"/>
    <property name="java.io.tmpdir" value="/var/folders/l3/s8znbdk92hd_6j3nhr5f1lw00000gp/T/"/>
    <property name="line.separator" value="
"/>
    <property name="java.vm.specification.vendor" value="Oracle Corporation"/>
    <property name="os.name" value="Mac OS X"/>
    <property name="maven.ext.class.path" value="/Applications/IntelliJ IDEA.app/Contents/plugins/maven/lib/maven-event-listener.jar"/>
    <property name="classworlds.conf" value="/Users/xuguoming/xueqiu/tools/maven/apache-maven-3.6.3-normal/bin/m2.conf"/>
    <property name="sun.jnu.encoding" value="UTF-8"/>
    <property name="java.library.path" value="/Users/xuguoming/Library/Java/Extensions:/Library/Java/Extensions:/Network/Library/Java/Extensions:/System/Library/Java/Extensions:/usr/lib/java:."/>
    <property name="jansi.passthrough" value="true"/>
    <property name="maven.conf" value="/Users/xuguoming/xueqiu/tools/maven/apache-maven-3.6.3-normal/conf"/>
    <property name="java.specification.name" value="Java Platform API Specification"/>
    <property name="java.class.version" value="52.0"/>
    <property name="sun.management.compiler" value="HotSpot 64-Bit Tiered Compilers"/>
    <property name="os.version" value="11.3.1"/>
    <property name="http.nonProxyHosts" value="local|*.local|169.254/16|*.169.254/16"/>
    <property name="user.home" value="/Users/xuguoming"/>
    <property name="user.timezone" value="Asia/Shanghai"/>
    <property name="java.awt.printerjob" value="sun.lwawt.macosx.CPrinterJob"/>
    <property name="java.specification.version" value="1.8"/>
    <property name="file.encoding" value="UTF-8"/>
    <property name="user.name" value="xuguoming"/>
    <property name="java.class.path" value="/Users/xuguoming/xueqiu/tools/maven/apache-maven-3.6.3-normal/boot/plexus-classworlds.license:/Users/xuguoming/xueqiu/tools/maven/apache-maven-3.6.3-normal/boot/plexus-classworlds-2.6.0.jar:/Applications/IntelliJ IDEA.app/Contents/lib/idea_rt.jar"/>
    <property name="java.vm.specification.version" value="1.8"/>
    <property name="sun.arch.data.model" value="64"/>
    <property name="java.home" value="/Users/xuguoming/.sdkman/candidates/java/8.332.08.1-amzn/jre"/>
    <property name="sun.java.command" value="org.codehaus.classworlds.Launcher -Didea.version=2022.3.1 package"/>
    <property name="java.specification.vendor" value="Oracle Corporation"/>
    <property name="user.language" value="zh"/>
    <property name="awt.toolkit" value="sun.lwawt.macosx.LWCToolkit"/>
    <property name="java.vm.info" value="mixed mode"/>
    <property name="java.version" value="1.8.0_332"/>
    <property name="java.ext.dirs" value="/Users/xuguoming/Library/Java/Extensions:/Users/xuguoming/.sdkman/candidates/java/8.332.08.1-amzn/jre/lib/ext:/Library/Java/Extensions:/Network/Library/Java/Extensions:/System/Library/Java/Extensions:/usr/lib/java"/>
    <property name="sun.boot.class.path" value="/Users/xuguoming/.sdkman/candidates/java/8.332.08.1-amzn/jre/lib/resources.jar:/Users/xuguoming/.sdkman/candidates/java/8.332.08.1-amzn/jre/lib/rt.jar:/Users/xuguoming/.sdkman/candidates/java/8.332.08.1-amzn/jre/lib/sunrsasign.jar:/Users/xuguoming/.sdkman/candidates/java/8.332.08.1-amzn/jre/lib/jsse.jar:/Users/xuguoming/.sdkman/candidates/java/8.332.08.1-amzn/jre/lib/jce.jar:/Users/xuguoming/.sdkman/candidates/java/8.332.08.1-amzn/jre/lib/charsets.jar:/Users/xuguoming/.sdkman/candidates/java/8.332.08.1-amzn/jre/lib/jfr.jar:/Users/xuguoming/.sdkman/candidates/java/8.332.08.1-amzn/jre/classes"/>
    <property name="java.vendor" value="Amazon.com Inc."/>
    <property name="maven.home" value="/Users/xuguoming/xueqiu/tools/maven/apache-maven-3.6.3-normal"/>
    <property name="file.separator" value="/"/>
    <property name="java.vendor.url.bug" value="https://github.com/corretto/corretto-8/issues/"/>
    <property name="sun.cpu.endian" value="little"/>
    <property name="sun.io.unicode.encoding" value="UnicodeBig"/>
    <property name="socksNonProxyHosts" value="local|*.local|169.254/16|*.169.254/16"/>
    <property name="ftp.nonProxyHosts" value="local|*.local|169.254/16|*.169.254/16"/>
    <property name="sun.cpu.isalist" value=""/>
  </properties>
  <testcase classname="com.kylexu.AppTest" name="testApp" time="0.001"/>
</testsuite>